<?xml version="1.0" encoding="UTF-8"?>
<!-- Generated by org.testng.reporters.JUnitReportReporter -->
<testsuite skipped="7" hostname="DESKTOP-FCLS8O9" name="Automation_suite.FlightClubSmokeTest" tests="8" failures="0" timestamp="2020-07-08T11:06:54 CDT" time="0.143" errors="1">
  <testcase name="start_config" time="0.142" classname="Automation_suite.FlightClubSmokeTest">
    <error type="java.lang.IllegalStateException" message="The driver executable does not exist: C:\Users\Demoriel Purnell\workspace_python\drivers\geckodriver.exe">
      <![CDATA[java.lang.IllegalStateException: The driver executable does not exist: C:\Users\Demoriel Purnell\workspace_python\drivers\geckodriver.exe
at com.google.common.base.Preconditions.checkState(Preconditions.java:534)
at org.openqa.selenium.remote.service.DriverService.checkExecutable(DriverService.java:136)
at org.openqa.selenium.remote.service.DriverService.findExecutable(DriverService.java:131)
at org.openqa.selenium.firefox.GeckoDriverService.access$100(GeckoDriverService.java:41)
at org.openqa.selenium.firefox.GeckoDriverService$Builder.findDefaultExecutable(GeckoDriverService.java:141)
at org.openqa.selenium.remote.service.DriverService$Builder.build(DriverService.java:339)
at org.openqa.selenium.firefox.FirefoxDriver.toExecutor(FirefoxDriver.java:158)
at org.openqa.selenium.firefox.FirefoxDriver.<init>(FirefoxDriver.java:120)
at org.openqa.selenium.firefox.FirefoxDriver.<init>(FirefoxDriver.java:98)
at Automation_suite.FlightClubBaseClass.start_config(FlightClubBaseClass.java:19)
at sun.reflect.NativeMethodAccessorImpl.invoke0(Native Method)
at sun.reflect.NativeMethodAccessorImpl.invoke(NativeMethodAccessorImpl.java:62)
at sun.reflect.DelegatingMethodAccessorImpl.invoke(DelegatingMethodAccessorImpl.java:43)
at java.lang.reflect.Method.invoke(Method.java:498)
at org.testng.internal.MethodInvocationHelper.invokeMethod(MethodInvocationHelper.java:133)
at org.testng.internal.MethodInvocationHelper.invokeMethodConsideringTimeout(MethodInvocationHelper.java:62)
at org.testng.internal.ConfigInvoker.invokeConfigurationMethod(ConfigInvoker.java:340)
at org.testng.internal.ConfigInvoker.invokeConfigurations(ConfigInvoker.java:294)
at org.testng.internal.TestInvoker.runConfigMethods(TestInvoker.java:683)
at org.testng.internal.TestInvoker.invokeMethod(TestInvoker.java:510)
at org.testng.internal.TestInvoker.invokeTestMethod(TestInvoker.java:172)
at org.testng.internal.MethodRunner.runInSequence(MethodRunner.java:46)
at org.testng.internal.TestInvoker$MethodInvocationAgent.invoke(TestInvoker.java:804)
at org.testng.internal.TestInvoker.invokeTestMethods(TestInvoker.java:145)
at org.testng.internal.TestMethodWorker.invokeTestMethods(TestMethodWorker.java:146)
at org.testng.internal.TestMethodWorker.run(TestMethodWorker.java:128)
at java.util.ArrayList.forEach(ArrayList.java:1257)
at org.testng.TestRunner.privateRun(TestRunner.java:770)
at org.testng.TestRunner.run(TestRunner.java:591)
at org.testng.SuiteRunner.runTest(SuiteRunner.java:402)
at org.testng.SuiteRunner.runSequentially(SuiteRunner.java:396)
at org.testng.SuiteRunner.privateRun(SuiteRunner.java:355)
at org.testng.SuiteRunner.run(SuiteRunner.java:304)
at org.testng.SuiteRunnerWorker.runSuite(SuiteRunnerWorker.java:53)
at org.testng.SuiteRunnerWorker.run(SuiteRunnerWorker.java:96)
at org.testng.TestNG.runSuitesSequentially(TestNG.java:1180)
at org.testng.TestNG.runSuitesLocally(TestNG.java:1102)
at org.testng.TestNG.runSuites(TestNG.java:1032)
at org.testng.TestNG.run(TestNG.java:1000)
at org.testng.remote.AbstractRemoteTestNG.run(AbstractRemoteTestNG.java:115)
at org.testng.remote.RemoteTestNG.initAndRun(RemoteTestNG.java:251)
at org.testng.remote.RemoteTestNG.main(RemoteTestNG.java:77)
]]>
    </error>
  </testcase> <!-- start_config -->
  <testcase name="ValidateSearchBar" time="0.000" classname="Automation_suite.FlightClubSmokeTest">
    <skipped/>
  </testcase> <!-- ValidateSearchBar -->
  <testcase name="ValidateAirJordans" time="0.000" classname="Automation_suite.FlightClubSmokeTest">
    <skipped/>
  </testcase> <!-- ValidateAirJordans -->
  <testcase name="ValidateYeezy" time="0.000" classname="Automation_suite.FlightClubSmokeTest">
    <skipped/>
  </testcase> <!-- ValidateYeezy -->
  <testcase name="ValidateMoreSneakers" time="0.000" classname="Automation_suite.FlightClubSmokeTest">
    <skipped/>
  </testcase> <!-- ValidateMoreSneakers -->
  <testcase name="ValidateAdidas" time="0.000" classname="Automation_suite.FlightClubSmokeTest">
    <skipped/>
  </testcase> <!-- ValidateAdidas -->
  <testcase name="ValidateNewReleases" time="0.000" classname="Automation_suite.FlightClubSmokeTest">
    <skipped/>
  </testcase> <!-- ValidateNewReleases -->
  <testcase name="ValidatePriceDrops" time="0.001" classname="Automation_suite.FlightClubSmokeTest">
    <skipped/>
  </testcase> <!-- ValidatePriceDrops -->
</testsuite> <!-- Automation_suite.FlightClubSmokeTest -->
